Vivado Simulator 2019.1
Copyright 1986-1999, 2001-2019 Xilinx, Inc. All Rights Reserved.
Running: /home/soda/SoftWare/Vivado/Vivado/2019.1/bin/unwrapped/lnx64.o/xelab -wto eafc7e74c6d34d969ec12676c6a062fd --incr --debug typical --relax --mt 8 -L xil_defaultlib -L unisims_ver -L unimacro_ver -L secureip --snapshot mips_tb_behav xil_defaultlib.mips_tb xil_defaultlib.glbl -log elaborate.log 
Using 8 slave threads.
Starting static elaboration
Completed static elaboration
Starting simulation data flow analysis
WARNING: [XSIM 43-4099] "/home/soda/cpu/pipline/mips50/mips50.srcs/sim_1/new/mips_tb.v" Line 1. Module mips_tb doesn't have a timescale but at least one module in design has a timescale.
Completed simulation data flow analysis
Time Resolution for simulation is 1ps
Compiling package xil_defaultlib.$unit_EX_sv
Compiling module xil_defaultlib.ProgramCounter
Compiling module xil_defaultlib.Adder
Compiling module xil_defaultlib.MUX2to1
Compiling module xil_defaultlib.InstructionMemory
Compiling module xil_defaultlib.IF
Compiling module xil_defaultlib.IF_ID_Reg
Compiling module xil_defaultlib.ControllerUnit
Compiling module xil_defaultlib.NPC
Compiling module xil_defaultlib.Comparator
Compiling module xil_defaultlib.MemExt
Compiling module xil_defaultlib.GeneralRegister
Compiling module xil_defaultlib.MUX3to1(WIDTH_DATA=5)
Compiling module xil_defaultlib.MUX4to1
Compiling module xil_defaultlib.DwBits
Compiling module xil_defaultlib.ID
Compiling module xil_defaultlib.ID_EX_Reg
Compiling module xil_defaultlib.ALU
Compiling module xil_defaultlib.MultiplicationDivisionUnit
Compiling module xil_defaultlib.EX
Compiling module xil_defaultlib.EX_MEM_Reg
Compiling module xil_defaultlib.DataMemory
Compiling module xil_defaultlib.MEM
Compiling module xil_defaultlib.MEM_WB_Reg
Compiling module xil_defaultlib.Finish
Compiling module xil_defaultlib.ForwardUnit
Compiling module xil_defaultlib.InstallUnit
Compiling module xil_defaultlib.TopLevel
Compiling module xil_defaultlib.mips_tb
Compiling module xil_defaultlib.glbl
Built simulation snapshot mips_tb_behav
